{"numFailedTestSuites":0,"numFailedTests":0,"numPassedTestSuites":9,"numPassedTests":89,"numPendingTestSuites":0,"numPendingTests":0,"numRuntimeErrorTestSuites":0,"numTodoTests":0,"numTotalTestSuites":9,"numTotalTests":89,"openHandles":[],"snapshot":{"added":0,"didUpdate":false,"failure":false,"filesAdded":0,"filesRemoved":0,"filesRemovedList":[],"filesUnmatched":0,"filesUpdated":0,"matched":0,"total":0,"unchecked":0,"uncheckedKeysByFile":[],"unmatched":0,"updated":0},"startTime":1781572518551,"success":true,"testResults":[{"assertionResults":[{"ancestorTitles":["POST /api/ai/assess"],"duration":29,"failing":false,"failureDetails":[],"failureMessages":[],"fullName":"POST /api/ai/assess returns 401 when unauthenticated","invocations":1,"location":null,"numPassingAsserts":2,"retryReasons":[],"startAt":1781572522731,"status":"passed","title":"returns 401 when unauthenticated"},{"ancestorTitles":["POST /api/ai/assess","burnout type"],"duration":6,"failing":false,"failureDetails":[],"failureMessages":[],"fullName":"POST /api/ai/assess burnout type returns { show, message } as Ollama responds when show=true","invocations":1,"location":null,"numPassingAsserts":2,"retryReasons":[],"startAt":1781572522762,"status":"passed","title":"returns { show, message } as Ollama responds when show=true"},{"ancestorTitles":["POST /api/ai/assess","burnout type"],"duration":5,"failing":false,"failureDetails":[],"failureMessages":[],"fullName":"POST /api/ai/assess burnout type returns { show: false, message: \"\" } when Ollama says no warning needed","invocations":1,"location":null,"numPassingAsserts":2,"retryReasons":[],"startAt":1781572522769,"status":"passed","title":"returns { show: false, message: \"\" } when Ollama says no warning needed"},{"ancestorTitles":["POST /api/ai/assess","burnout type"],"duration":5,"failing":false,"failureDetails":[],"failureMessages":[],"fullName":"POST /api/ai/assess burnout type includes overdue task names in the prompt","invocations":1,"location":null,"numPassingAsserts":3,"retryReasons":[],"startAt":1781572522774,"status":"passed","title":"includes overdue task names in the prompt"},{"ancestorTitles":["POST /api/ai/assess","burnout type"],"duration":4,"failing":false,"failureDetails":[],"failureMessages":[],"fullName":"POST /api/ai/assess burnout type includes all burnout threshold rules in the prompt","invocations":1,"location":null,"numPassingAsserts":3,"retryReasons":[],"startAt":1781572522779,"status":"passed","title":"includes all burnout threshold rules in the prompt"},{"ancestorTitles":["POST /api/ai/assess","burnout type"],"duration":3,"failing":false,"failureDetails":[],"failureMessages":[],"fullName":"POST /api/ai/assess burnout type defaults show=false and message=\"\" when Ollama returns unexpected JSON","invocations":1,"location":null,"numPassingAsserts":2,"retryReasons":[],"startAt":1781572522783,"status":"passed","title":"defaults show=false and message=\"\" when Ollama returns unexpected JSON"},{"ancestorTitles":["POST /api/ai/assess","affirmation type"],"duration":3,"failing":false,"failureDetails":[],"failureMessages":[],"fullName":"POST /api/ai/assess affirmation type returns { message } from Ollama response","invocations":1,"location":null,"numPassingAsserts":1,"retryReasons":[],"startAt":1781572522787,"status":"passed","title":"returns { message } from Ollama response"},{"ancestorTitles":["POST /api/ai/assess","affirmation type"],"duration":3,"failing":false,"failureDetails":[],"failureMessages":[],"fullName":"POST /api/ai/assess affirmation type includes student name in the affirmation prompt","invocations":1,"location":null,"numPassingAsserts":2,"retryReasons":[],"startAt":1781572522790,"status":"passed","title":"includes student name in the affirmation prompt"},{"ancestorTitles":["POST /api/ai/assess","affirmation type"],"duration":4,"failing":false,"failureDetails":[],"failureMessages":[],"fullName":"POST /api/ai/assess affirmation type includes active task count in the affirmation prompt","invocations":1,"location":null,"numPassingAsserts":2,"retryReasons":[],"startAt":1781572522794,"status":"passed","title":"includes active task count in the affirmation prompt"},{"ancestorTitles":["POST /api/ai/assess","error handling"],"duration":3,"failing":false,"failureDetails":[],"failureMessages":[],"fullName":"POST /api/ai/assess error handling returns 502 when Ollama is unreachable","invocations":1,"location":null,"numPassingAsserts":1,"retryReasons":[],"startAt":1781572522799,"status":"passed","title":"returns 502 when Ollama is unreachable"},{"ancestorTitles":["POST /api/ai/assess","error handling"],"duration":4,"failing":false,"failureDetails":[],"failureMessages":[],"fullName":"POST /api/ai/assess error handling returns 502 when Ollama responds with a non-ok status","invocations":1,"location":null,"numPassingAsserts":1,"retryReasons":[],"startAt":1781572522803,"status":"passed","title":"returns 502 when Ollama responds with a non-ok status"}],"endTime":1781572522813,"message":"","name":"D:\\Wads-FP\\wads-final\\__tests__\\api\\ai\\assess.test.ts","startTime":1781572521227,"status":"passed","summary":""},{"assertionResults":[{"ancestorTitles":["POST /api/ai/recommendations"],"duration":32,"failing":false,"failureDetails":[],"failureMessages":[],"fullName":"POST /api/ai/recommendations returns 401 when unauthenticated","invocations":1,"location":null,"numPassingAsserts":2,"retryReasons":[],"startAt":1781572522771,"status":"passed","title":"returns 401 when unauthenticated"},{"ancestorTitles":["POST /api/ai/recommendations"],"duration":9,"failing":false,"failureDetails":[],"failureMessages":[],"fullName":"POST /api/ai/recommendations returns the recommendations array from Ollama","invocations":1,"location":null,"numPassingAsserts":2,"retryReasons":[],"startAt":1781572522805,"status":"passed","title":"returns the recommendations array from Ollama"},{"ancestorTitles":["POST /api/ai/recommendations"],"duration":4,"failing":false,"failureDetails":[],"failureMessages":[],"fullName":"POST /api/ai/recommendations returns an empty array when Ollama response has no recommendations key","invocations":1,"location":null,"numPassingAsserts":1,"retryReasons":[],"startAt":1781572522814,"status":"passed","title":"returns an empty array when Ollama response has no recommendations key"},{"ancestorTitles":["POST /api/ai/recommendations"],"duration":7,"failing":false,"failureDetails":[],"failureMessages":[],"fullName":"POST /api/ai/recommendations sends task stats and student name in the prompt","invocations":1,"location":null,"numPassingAsserts":3,"retryReasons":[],"startAt":1781572522819,"status":"passed","title":"sends task stats and student name in the prompt"},{"ancestorTitles":["POST /api/ai/recommendations"],"duration":3,"failing":false,"failureDetails":[],"failureMessages":[],"fullName":"POST /api/ai/recommendations returns 502 when Ollama is unreachable","invocations":1,"location":null,"numPassingAsserts":1,"retryReasons":[],"startAt":1781572522827,"status":"passed","title":"returns 502 when Ollama is unreachable"},{"ancestorTitles":["POST /api/ai/recommendations"],"duration":2,"failing":false,"failureDetails":[],"failureMessages":[],"fullName":"POST /api/ai/recommendations returns 502 when Ollama responds with a non-ok status","invocations":1,"location":null,"numPassingAsserts":1,"retryReasons":[],"startAt":1781572522831,"status":"passed","title":"returns 502 when Ollama responds with a non-ok status"}],"endTime":1781572522836,"message":"","name":"D:\\Wads-FP\\wads-final\\__tests__\\api\\ai\\recommendations.test.ts","startTime":1781572521283,"status":"passed","summary":""},{"assertionResults":[{"ancestorTitles":["POST /api/ai/upload"],"duration":33,"failing":false,"failureDetails":[],"failureMessages":[],"fullName":"POST /api/ai/upload returns 401 when unauthenticated","invocations":1,"location":null,"numPassingAsserts":1,"retryReasons":[],"startAt":1781572522651,"status":"passed","title":"returns 401 when unauthenticated"},{"ancestorTitles":["POST /api/ai/upload"],"duration":18,"failing":false,"failureDetails":[],"failureMessages":[],"fullName":"POST /api/ai/upload returns 400 when no file is provided","invocations":1,"location":null,"numPassingAsserts":2,"retryReasons":[],"startAt":1781572522685,"status":"passed","title":"returns 400 when no file is provided"},{"ancestorTitles":["POST /api/ai/upload"],"duration":125,"failing":false,"failureDetails":[],"failureMessages":[],"fullName":"POST /api/ai/upload returns 400 when file exceeds 10 MB","invocations":1,"location":null,"numPassingAsserts":2,"retryReasons":[],"startAt":1781572522703,"status":"passed","title":"returns 400 when file exceeds 10 MB"},{"ancestorTitles":["POST /api/ai/upload"],"duration":17,"failing":false,"failureDetails":[],"failureMessages":[],"fullName":"POST /api/ai/upload returns { text, name } for a plain text file","invocations":1,"location":null,"numPassingAsserts":3,"retryReasons":[],"startAt":1781572522828,"status":"passed","title":"returns { text, name } for a plain text file"},{"ancestorTitles":["POST /api/ai/upload"],"duration":7,"failing":false,"failureDetails":[],"failureMessages":[],"fullName":"POST /api/ai/upload truncates text files longer than 20 000 characters","invocations":1,"location":null,"numPassingAsserts":1,"retryReasons":[],"startAt":1781572522845,"status":"passed","title":"truncates text files longer than 20 000 characters"},{"ancestorTitles":["POST /api/ai/upload"],"duration":5,"failing":false,"failureDetails":[],"failureMessages":[],"fullName":"POST /api/ai/upload parses a PDF file and returns extracted text","invocations":1,"location":null,"numPassingAsserts":3,"retryReasons":[],"startAt":1781572522852,"status":"passed","title":"parses a PDF file and returns extracted text"},{"ancestorTitles":["POST /api/ai/upload"],"duration":4,"failing":false,"failureDetails":[],"failureMessages":[],"fullName":"POST /api/ai/upload truncates PDF text longer than 20 000 characters","invocations":1,"location":null,"numPassingAsserts":1,"retryReasons":[],"startAt":1781572522857,"status":"passed","title":"truncates PDF text longer than 20 000 characters"},{"ancestorTitles":["POST /api/ai/upload"],"duration":41,"failing":false,"failureDetails":[],"failureMessages":[],"fullName":"POST /api/ai/upload returns 422 when pdf-parse throws","invocations":1,"location":null,"numPassingAsserts":2,"retryReasons":[],"startAt":1781572522861,"status":"passed","title":"returns 422 when pdf-parse throws"}],"endTime":1781572522905,"message":"","name":"D:\\Wads-FP\\wads-final\\__tests__\\api\\ai\\upload.test.ts","startTime":1781572521192,"status":"passed","summary":""},{"assertionResults":[{"ancestorTitles":["POST /api/ai/chat"],"duration":66,"failing":false,"failureDetails":[],"failureMessages":[],"fullName":"POST /api/ai/chat returns 401 when unauthenticated","invocations":1,"location":null,"numPassingAsserts":2,"retryReasons":[],"startAt":1781572522963,"status":"passed","title":"returns 401 when unauthenticated"},{"ancestorTitles":["POST /api/ai/chat"],"duration":15,"failing":false,"failureDetails":[],"failureMessages":[],"fullName":"POST /api/ai/chat streams NDJSON text chunks from Ollama","invocations":1,"location":null,"numPassingAsserts":2,"retryReasons":[],"startAt":1781572523033,"status":"passed","title":"streams NDJSON text chunks from Ollama"},{"ancestorTitles":["POST /api/ai/chat"],"duration":11,"failing":false,"failureDetails":[],"failureMessages":[],"fullName":"POST /api/ai/chat uses vision model gemma4:e4b when images are attached","invocations":1,"location":null,"numPassingAsserts":1,"retryReasons":[],"startAt":1781572523049,"status":"passed","title":"uses vision model gemma4:e4b when images are attached"},{"ancestorTitles":["POST /api/ai/chat"],"duration":4,"failing":false,"failureDetails":[],"failureMessages":[],"fullName":"POST /api/ai/chat uses default model llama3.1:8b when no images are attached","invocations":1,"location":null,"numPassingAsserts":1,"retryReasons":[],"startAt":1781572523061,"status":"passed","title":"uses default model llama3.1:8b when no images are attached"},{"ancestorTitles":["POST /api/ai/chat"],"duration":7,"failing":false,"failureDetails":[],"failureMessages":[],"fullName":"POST /api/ai/chat includes system prompt with task snapshot","invocations":1,"location":null,"numPassingAsserts":4,"retryReasons":[],"startAt":1781572523066,"status":"passed","title":"includes system prompt with task snapshot"},{"ancestorTitles":["POST /api/ai/chat"],"duration":3,"failing":false,"failureDetails":[],"failureMessages":[],"fullName":"POST /api/ai/chat returns 502 when Ollama responds with a non-ok status","invocations":1,"location":null,"numPassingAsserts":1,"retryReasons":[],"startAt":1781572523074,"status":"passed","title":"returns 502 when Ollama responds with a non-ok status"},{"ancestorTitles":["POST /api/ai/chat"],"duration":5,"failing":false,"failureDetails":[],"failureMessages":[],"fullName":"POST /api/ai/chat returns 502 when Ollama is unreachable","invocations":1,"location":null,"numPassingAsserts":1,"retryReasons":[],"startAt":1781572523079,"status":"passed","title":"returns 502 when Ollama is unreachable"}],"endTime":1781572523094,"message":"","name":"D:\\Wads-FP\\wads-final\\__tests__\\api\\ai\\chat.test.ts","startTime":1781572521386,"status":"passed","summary":""},{"assertionResults":[{"ancestorTitles":["PATCH /api/tasks/[id]"],"duration":39,"failing":false,"failureDetails":[],"failureMessages":[],"fullName":"PATCH /api/tasks/[id] returns 401 when unauthenticated","invocations":1,"location":null,"numPassingAsserts":1,"retryReasons":[],"startAt":1781572523031,"status":"passed","title":"returns 401 when unauthenticated"},{"ancestorTitles":["PATCH /api/tasks/[id]"],"duration":10,"failing":false,"failureDetails":[],"failureMessages":[],"fullName":"PATCH /api/tasks/[id] returns 404 when task does not exist","invocations":1,"location":null,"numPassingAsserts":1,"retryReasons":[],"startAt":1781572523071,"status":"passed","title":"returns 404 when task does not exist"},{"ancestorTitles":["PATCH /api/tasks/[id]"],"duration":6,"failing":false,"failureDetails":[],"failureMessages":[],"fullName":"PATCH /api/tasks/[id] returns 404 when task belongs to a different user","invocations":1,"location":null,"numPassingAsserts":1,"retryReasons":[],"startAt":1781572523081,"status":"passed","title":"returns 404 when task belongs to a different user"},{"ancestorTitles":["PATCH /api/tasks/[id]"],"duration":12,"failing":false,"failureDetails":[],"failureMessages":[],"fullName":"PATCH /api/tasks/[id] updates the task and returns 200","invocations":1,"location":null,"numPassingAsserts":2,"retryReasons":[],"startAt":1781572523088,"status":"passed","title":"updates the task and returns 200"},{"ancestorTitles":["PATCH /api/tasks/[id]"],"duration":5,"failing":false,"failureDetails":[],"failureMessages":[],"fullName":"PATCH /api/tasks/[id] marks a task as completed","invocations":1,"location":null,"numPassingAsserts":2,"retryReasons":[],"startAt":1781572523101,"status":"passed","title":"marks a task as completed"},{"ancestorTitles":["PATCH /api/tasks/[id]"],"duration":7,"failing":false,"failureDetails":[],"failureMessages":[],"fullName":"PATCH /api/tasks/[id] returns 400 when priority is invalid","invocations":1,"location":null,"numPassingAsserts":1,"retryReasons":[],"startAt":1781572523107,"status":"passed","title":"returns 400 when priority is invalid"},{"ancestorTitles":["DELETE /api/tasks/[id]"],"duration":3,"failing":false,"failureDetails":[],"failureMessages":[],"fullName":"DELETE /api/tasks/[id] returns 401 when unauthenticated","invocations":1,"location":null,"numPassingAsserts":1,"retryReasons":[],"startAt":1781572523114,"status":"passed","title":"returns 401 when unauthenticated"},{"ancestorTitles":["DELETE /api/tasks/[id]"],"duration":2,"failing":false,"failureDetails":[],"failureMessages":[],"fullName":"DELETE /api/tasks/[id] returns 404 when task does not exist","invocations":1,"location":null,"numPassingAsserts":1,"retryReasons":[],"startAt":1781572523117,"status":"passed","title":"returns 404 when task does not exist"},{"ancestorTitles":["DELETE /api/tasks/[id]"],"duration":2,"failing":false,"failureDetails":[],"failureMessages":[],"fullName":"DELETE /api/tasks/[id] returns 404 when task belongs to a different user","invocations":1,"location":null,"numPassingAsserts":1,"retryReasons":[],"startAt":1781572523119,"status":"passed","title":"returns 404 when task belongs to a different user"},{"ancestorTitles":["DELETE /api/tasks/[id]"],"duration":2,"failing":false,"failureDetails":[],"failureMessages":[],"fullName":"DELETE /api/tasks/[id] deletes the task and returns 204","invocations":1,"location":null,"numPassingAsserts":1,"retryReasons":[],"startAt":1781572523122,"status":"passed","title":"deletes the task and returns 204"}],"endTime":1781572523129,"message":"","name":"D:\\Wads-FP\\wads-final\\__tests__\\api\\tasks\\task-id.test.ts","startTime":1781572521233,"status":"passed","summary":""},{"assertionResults":[{"ancestorTitles":["GET /api/events"],"duration":44,"failing":false,"failureDetails":[],"failureMessages":[],"fullName":"GET /api/events returns 401 when unauthenticated","invocations":1,"location":null,"numPassingAsserts":1,"retryReasons":[],"startAt":1781572523070,"status":"passed","title":"returns 401 when unauthenticated"},{"ancestorTitles":["GET /api/events"],"duration":11,"failing":false,"failureDetails":[],"failureMessages":[],"fullName":"GET /api/events returns the user's event list","invocations":1,"location":null,"numPassingAsserts":3,"retryReasons":[],"startAt":1781572523117,"status":"passed","title":"returns the user's event list"},{"ancestorTitles":["GET /api/events"],"duration":5,"failing":false,"failureDetails":[],"failureMessages":[],"fullName":"GET /api/events returns an empty array when user has no events","invocations":1,"location":null,"numPassingAsserts":2,"retryReasons":[],"startAt":1781572523128,"status":"passed","title":"returns an empty array when user has no events"},{"ancestorTitles":["POST /api/events"],"duration":12,"failing":false,"failureDetails":[],"failureMessages":[],"fullName":"POST /api/events returns 401 when unauthenticated","invocations":1,"location":null,"numPassingAsserts":1,"retryReasons":[],"startAt":1781572523133,"status":"passed","title":"returns 401 when unauthenticated"},{"ancestorTitles":["POST /api/events"],"duration":10,"failing":false,"failureDetails":[],"failureMessages":[],"fullName":"POST /api/events creates an event and returns 201","invocations":1,"location":null,"numPassingAsserts":2,"retryReasons":[],"startAt":1781572523145,"status":"passed","title":"creates an event and returns 201"},{"ancestorTitles":["POST /api/events"],"duration":5,"failing":false,"failureDetails":[],"failureMessages":[],"fullName":"POST /api/events returns 400 when title is missing","invocations":1,"location":null,"numPassingAsserts":1,"retryReasons":[],"startAt":1781572523156,"status":"passed","title":"returns 400 when title is missing"},{"ancestorTitles":["POST /api/events"],"duration":5,"failing":false,"failureDetails":[],"failureMessages":[],"fullName":"POST /api/events returns 400 when title is an empty string","invocations":1,"location":null,"numPassingAsserts":1,"retryReasons":[],"startAt":1781572523161,"status":"passed","title":"returns 400 when title is an empty string"},{"ancestorTitles":["POST /api/events"],"duration":3,"failing":false,"failureDetails":[],"failureMessages":[],"fullName":"POST /api/events returns 400 when startDate is missing","invocations":1,"location":null,"numPassingAsserts":1,"retryReasons":[],"startAt":1781572523167,"status":"passed","title":"returns 400 when startDate is missing"},{"ancestorTitles":["POST /api/events"],"duration":3,"failing":false,"failureDetails":[],"failureMessages":[],"fullName":"POST /api/events returns 400 when startDate is not a valid datetime","invocations":1,"location":null,"numPassingAsserts":1,"retryReasons":[],"startAt":1781572523170,"status":"passed","title":"returns 400 when startDate is not a valid datetime"},{"ancestorTitles":["POST /api/events"],"duration":4,"failing":false,"failureDetails":[],"failureMessages":[],"fullName":"POST /api/events returns 400 when dueDate is not a valid datetime","invocations":1,"location":null,"numPassingAsserts":1,"retryReasons":[],"startAt":1781572523174,"status":"passed","title":"returns 400 when dueDate is not a valid datetime"},{"ancestorTitles":["POST /api/events"],"duration":4,"failing":false,"failureDetails":[],"failureMessages":[],"fullName":"POST /api/events accepts an event with all optional fields","invocations":1,"location":null,"numPassingAsserts":1,"retryReasons":[],"startAt":1781572523178,"status":"passed","title":"accepts an event with all optional fields"}],"endTime":1781572523186,"message":"","name":"D:\\Wads-FP\\wads-final\\__tests__\\api\\events\\events.test.ts","startTime":1781572521251,"status":"passed","summary":""},{"assertionResults":[{"ancestorTitles":["PATCH /api/events/[id]"],"duration":40,"failing":false,"failureDetails":[],"failureMessages":[],"fullName":"PATCH /api/events/[id] returns 401 when unauthenticated","invocations":1,"location":null,"numPassingAsserts":1,"retryReasons":[],"startAt":1781572523170,"status":"passed","title":"returns 401 when unauthenticated"},{"ancestorTitles":["PATCH /api/events/[id]"],"duration":5,"failing":false,"failureDetails":[],"failureMessages":[],"fullName":"PATCH /api/events/[id] returns 404 when event does not exist","invocations":1,"location":null,"numPassingAsserts":1,"retryReasons":[],"startAt":1781572523214,"status":"passed","title":"returns 404 when event does not exist"},{"ancestorTitles":["PATCH /api/events/[id]"],"duration":6,"failing":false,"failureDetails":[],"failureMessages":[],"fullName":"PATCH /api/events/[id] returns 404 when event belongs to a different user","invocations":1,"location":null,"numPassingAsserts":1,"retryReasons":[],"startAt":1781572523219,"status":"passed","title":"returns 404 when event belongs to a different user"},{"ancestorTitles":["PATCH /api/events/[id]"],"duration":15,"failing":false,"failureDetails":[],"failureMessages":[],"fullName":"PATCH /api/events/[id] updates the event title and returns 200","invocations":1,"location":null,"numPassingAsserts":2,"retryReasons":[],"startAt":1781572523225,"status":"passed","title":"updates the event title and returns 200"},{"ancestorTitles":["PATCH /api/events/[id]"],"duration":4,"failing":false,"failureDetails":[],"failureMessages":[],"fullName":"PATCH /api/events/[id] updates the startDate and returns 200","invocations":1,"location":null,"numPassingAsserts":1,"retryReasons":[],"startAt":1781572523241,"status":"passed","title":"updates the startDate and returns 200"},{"ancestorTitles":["PATCH /api/events/[id]"],"duration":4,"failing":false,"failureDetails":[],"failureMessages":[],"fullName":"PATCH /api/events/[id] returns 400 when title is an empty string","invocations":1,"location":null,"numPassingAsserts":1,"retryReasons":[],"startAt":1781572523245,"status":"passed","title":"returns 400 when title is an empty string"},{"ancestorTitles":["PATCH /api/events/[id]"],"duration":3,"failing":false,"failureDetails":[],"failureMessages":[],"fullName":"PATCH /api/events/[id] returns 400 when startDate is not a valid datetime","invocations":1,"location":null,"numPassingAsserts":1,"retryReasons":[],"startAt":1781572523249,"status":"passed","title":"returns 400 when startDate is not a valid datetime"},{"ancestorTitles":["DELETE /api/events/[id]"],"duration":2,"failing":false,"failureDetails":[],"failureMessages":[],"fullName":"DELETE /api/events/[id] returns 401 when unauthenticated","invocations":1,"location":null,"numPassingAsserts":1,"retryReasons":[],"startAt":1781572523252,"status":"passed","title":"returns 401 when unauthenticated"},{"ancestorTitles":["DELETE /api/events/[id]"],"duration":2,"failing":false,"failureDetails":[],"failureMessages":[],"fullName":"DELETE /api/events/[id] returns 404 when event does not exist","invocations":1,"location":null,"numPassingAsserts":1,"retryReasons":[],"startAt":1781572523255,"status":"passed","title":"returns 404 when event does not exist"},{"ancestorTitles":["DELETE /api/events/[id]"],"duration":3,"failing":false,"failureDetails":[],"failureMessages":[],"fullName":"DELETE /api/events/[id] returns 404 when event belongs to a different user","invocations":1,"location":null,"numPassingAsserts":1,"retryReasons":[],"startAt":1781572523257,"status":"passed","title":"returns 404 when event belongs to a different user"},{"ancestorTitles":["DELETE /api/events/[id]"],"duration":1,"failing":false,"failureDetails":[],"failureMessages":[],"fullName":"DELETE /api/events/[id] deletes the event and returns 204","invocations":1,"location":null,"numPassingAsserts":1,"retryReasons":[],"startAt":1781572523260,"status":"passed","title":"deletes the event and returns 204"}],"endTime":1781572523265,"message":"","name":"D:\\Wads-FP\\wads-final\\__tests__\\api\\events\\event-id.test.ts","startTime":1781572521250,"status":"passed","summary":""},{"assertionResults":[{"ancestorTitles":["GET /api/tasks"],"duration":36,"failing":false,"failureDetails":[],"failureMessages":[],"fullName":"GET /api/tasks returns 401 when unauthenticated","invocations":1,"location":null,"numPassingAsserts":2,"retryReasons":[],"startAt":1781572523203,"status":"passed","title":"returns 401 when unauthenticated"},{"ancestorTitles":["GET /api/tasks"],"duration":5,"failing":false,"failureDetails":[],"failureMessages":[],"fullName":"GET /api/tasks returns the user's task list","invocations":1,"location":null,"numPassingAsserts":3,"retryReasons":[],"startAt":1781572523240,"status":"passed","title":"returns the user's task list"},{"ancestorTitles":["GET /api/tasks"],"duration":4,"failing":false,"failureDetails":[],"failureMessages":[],"fullName":"GET /api/tasks filters by category when query param is provided","invocations":1,"location":null,"numPassingAsserts":1,"retryReasons":[],"startAt":1781572523245,"status":"passed","title":"filters by category when query param is provided"},{"ancestorTitles":["GET /api/tasks"],"duration":3,"failing":false,"failureDetails":[],"failureMessages":[],"fullName":"GET /api/tasks returns empty array when user has no tasks","invocations":1,"location":null,"numPassingAsserts":2,"retryReasons":[],"startAt":1781572523249,"status":"passed","title":"returns empty array when user has no tasks"},{"ancestorTitles":["POST /api/tasks"],"duration":4,"failing":false,"failureDetails":[],"failureMessages":[],"fullName":"POST /api/tasks returns 401 when unauthenticated","invocations":1,"location":null,"numPassingAsserts":1,"retryReasons":[],"startAt":1781572523252,"status":"passed","title":"returns 401 when unauthenticated"},{"ancestorTitles":["POST /api/tasks"],"duration":9,"failing":false,"failureDetails":[],"failureMessages":[],"fullName":"POST /api/tasks creates a task and returns 201","invocations":1,"location":null,"numPassingAsserts":2,"retryReasons":[],"startAt":1781572523256,"status":"passed","title":"creates a task and returns 201"},{"ancestorTitles":["POST /api/tasks"],"duration":4,"failing":false,"failureDetails":[],"failureMessages":[],"fullName":"POST /api/tasks returns 400 when title is missing","invocations":1,"location":null,"numPassingAsserts":1,"retryReasons":[],"startAt":1781572523265,"status":"passed","title":"returns 400 when title is missing"},{"ancestorTitles":["POST /api/tasks"],"duration":5,"failing":false,"failureDetails":[],"failureMessages":[],"fullName":"POST /api/tasks returns 400 when title is an empty string","invocations":1,"location":null,"numPassingAsserts":1,"retryReasons":[],"startAt":1781572523269,"status":"passed","title":"returns 400 when title is an empty string"},{"ancestorTitles":["POST /api/tasks"],"duration":4,"failing":false,"failureDetails":[],"failureMessages":[],"fullName":"POST /api/tasks returns 400 when priority is out of range (0)","invocations":1,"location":null,"numPassingAsserts":1,"retryReasons":[],"startAt":1781572523274,"status":"passed","title":"returns 400 when priority is out of range (0)"},{"ancestorTitles":["POST /api/tasks"],"duration":3,"failing":false,"failureDetails":[],"failureMessages":[],"fullName":"POST /api/tasks returns 400 when priority is out of range (6)","invocations":1,"location":null,"numPassingAsserts":1,"retryReasons":[],"startAt":1781572523278,"status":"passed","title":"returns 400 when priority is out of range (6)"},{"ancestorTitles":["POST /api/tasks"],"duration":2,"failing":false,"failureDetails":[],"failureMessages":[],"fullName":"POST /api/tasks returns 400 when dueDate is not a valid datetime string","invocations":1,"location":null,"numPassingAsserts":1,"retryReasons":[],"startAt":1781572523282,"status":"passed","title":"returns 400 when dueDate is not a valid datetime string"},{"ancestorTitles":["POST /api/tasks"],"duration":2,"failing":false,"failureDetails":[],"failureMessages":[],"fullName":"POST /api/tasks accepts a task with all optional fields","invocations":1,"location":null,"numPassingAsserts":1,"retryReasons":[],"startAt":1781572523284,"status":"passed","title":"accepts a task with all optional fields"}],"endTime":1781572523289,"message":"","name":"D:\\Wads-FP\\wads-final\\__tests__\\api\\tasks\\tasks.test.ts","startTime":1781572521292,"status":"passed","summary":""},{"assertionResults":[{"ancestorTitles":["GET /api/categories"],"duration":19,"failing":false,"failureDetails":[],"failureMessages":[],"fullName":"GET /api/categories returns 401 when unauthenticated","invocations":1,"location":null,"numPassingAsserts":1,"retryReasons":[],"startAt":1781572523219,"status":"passed","title":"returns 401 when unauthenticated"},{"ancestorTitles":["GET /api/categories"],"duration":8,"failing":false,"failureDetails":[],"failureMessages":[],"fullName":"GET /api/categories returns the user's category list","invocations":1,"location":null,"numPassingAsserts":3,"retryReasons":[],"startAt":1781572523239,"status":"passed","title":"returns the user's category list"},{"ancestorTitles":["GET /api/categories"],"duration":4,"failing":false,"failureDetails":[],"failureMessages":[],"fullName":"GET /api/categories returns an empty array when user has no categories","invocations":1,"location":null,"numPassingAsserts":2,"retryReasons":[],"startAt":1781572523247,"status":"passed","title":"returns an empty array when user has no categories"},{"ancestorTitles":["POST /api/categories"],"duration":9,"failing":false,"failureDetails":[],"failureMessages":[],"fullName":"POST /api/categories returns 401 when unauthenticated","invocations":1,"location":null,"numPassingAsserts":1,"retryReasons":[],"startAt":1781572523251,"status":"passed","title":"returns 401 when unauthenticated"},{"ancestorTitles":["POST /api/categories"],"duration":8,"failing":false,"failureDetails":[],"failureMessages":[],"fullName":"POST /api/categories creates a category and returns 201","invocations":1,"location":null,"numPassingAsserts":2,"retryReasons":[],"startAt":1781572523261,"status":"passed","title":"creates a category and returns 201"},{"ancestorTitles":["POST /api/categories"],"duration":6,"failing":false,"failureDetails":[],"failureMessages":[],"fullName":"POST /api/categories returns 400 when name is missing","invocations":1,"location":null,"numPassingAsserts":1,"retryReasons":[],"startAt":1781572523270,"status":"passed","title":"returns 400 when name is missing"},{"ancestorTitles":["POST /api/categories"],"duration":3,"failing":false,"failureDetails":[],"failureMessages":[],"fullName":"POST /api/categories returns 400 when name is an empty string","invocations":1,"location":null,"numPassingAsserts":1,"retryReasons":[],"startAt":1781572523276,"status":"passed","title":"returns 400 when name is an empty string"},{"ancestorTitles":["POST /api/categories"],"duration":3,"failing":false,"failureDetails":[],"failureMessages":[],"fullName":"POST /api/categories returns 400 when name exceeds 32 characters","invocations":1,"location":null,"numPassingAsserts":1,"retryReasons":[],"startAt":1781572523279,"status":"passed","title":"returns 400 when name exceeds 32 characters"},{"ancestorTitles":["POST /api/categories"],"duration":1,"failing":false,"failureDetails":[],"failureMessages":[],"fullName":"POST /api/categories returns 409 when category name already exists for this user","invocations":1,"location":null,"numPassingAsserts":1,"retryReasons":[],"startAt":1781572523282,"status":"passed","title":"returns 409 when category name already exists for this user"},{"ancestorTitles":["DELETE /api/categories/[id]"],"duration":1,"failing":false,"failureDetails":[],"failureMessages":[],"fullName":"DELETE /api/categories/[id] returns 401 when unauthenticated","invocations":1,"location":null,"numPassingAsserts":1,"retryReasons":[],"startAt":1781572523284,"status":"passed","title":"returns 401 when unauthenticated"},{"ancestorTitles":["DELETE /api/categories/[id]"],"duration":1,"failing":false,"failureDetails":[],"failureMessages":[],"fullName":"DELETE /api/categories/[id] returns 404 when category does not exist","invocations":1,"location":null,"numPassingAsserts":1,"retryReasons":[],"startAt":1781572523286,"status":"passed","title":"returns 404 when category does not exist"},{"ancestorTitles":["DELETE /api/categories/[id]"],"duration":2,"failing":false,"failureDetails":[],"failureMessages":[],"fullName":"DELETE /api/categories/[id] returns 404 when category belongs to a different user","invocations":1,"location":null,"numPassingAsserts":1,"retryReasons":[],"startAt":1781572523287,"status":"passed","title":"returns 404 when category belongs to a different user"},{"ancestorTitles":["DELETE /api/categories/[id]"],"duration":4,"failing":false,"failureDetails":[],"failureMessages":[],"fullName":"DELETE /api/categories/[id] deletes the category, clears it from tasks, and returns 204","invocations":1,"location":null,"numPassingAsserts":2,"retryReasons":[],"startAt":1781572523289,"status":"passed","title":"deletes the category, clears it from tasks, and returns 204"}],"endTime":1781572523296,"message":"","name":"D:\\Wads-FP\\wads-final\\__tests__\\api\\categories\\categories.test.ts","startTime":1781572521314,"status":"passed","summary":""}],"wasInterrupted":false}
